2025-12-19 20:01:46.085608: I tensorflow/core/util/port.cc:153] oneDNN custom operations are on. You may see slightly different numerical results due to floating-point round-off errors from different computation orders. To turn them off, set the environment variable `TF_ENABLE_ONEDNN_OPTS=0`.
2025-12-19 20:01:53.813677: I tensorflow/core/util/port.cc:153] oneDNN custom operations are on. You may see slightly different numerical results due to floating-point round-off errors from different computation orders. To turn them off, set the environment variable `TF_ENABLE_ONEDNN_OPTS=0`.
C:\Users\ihsan\AppData\Local\Programs\Python\Python312\Lib\site-packages\keras\src\export\tf2onnx_lib.py:8: FutureWarning: In the future `np.object` will be defined as the corresponding NumPy scalar.
  if not hasattr(np, "object"):
C:\Users\ihsan\AppData\Local\Programs\Python\Python312\Lib\site-packages\sklearn\base.py:442: InconsistentVersionWarning: Trying to unpickle estimator MinMaxScaler from version 1.8.0 when using version 1.7.2. This might lead to breaking code or invalid results. Use at your own risk. For more info please refer to:
https://scikit-learn.org/stable/model_persistence.html#security-maintainability-limitations
  warnings.warn(
2025-12-19 20:01:54,634 - INFO - Starting Continuous Learning Service...
2025-12-19 20:03:55,769 - INFO - Found 1 new candles
2025-12-19 20:03:55,777 - INFO - Regenerating features for latest data...
2025-12-19 20:03:57,119 - INFO - Creating features...
2025-12-19 20:03:57,660 - INFO - Features created with 249 missing values (expected due to lag/rolling)
2025-12-19 20:04:07,028 - INFO - Updated features file
C:\Users\ihsan\AppData\Local\Programs\Python\Python312\Lib\site-packages\sklearn\base.py:442: InconsistentVersionWarning: Trying to unpickle estimator DecisionTreeRegressor from version 1.8.0 when using version 1.7.2. This might lead to breaking code or invalid results. Use at your own risk. For more info please refer to:
https://scikit-learn.org/stable/model_persistence.html#security-maintainability-limitations
  warnings.warn(
C:\Users\ihsan\AppData\Local\Programs\Python\Python312\Lib\site-packages\sklearn\base.py:442: InconsistentVersionWarning: Trying to unpickle estimator RandomForestRegressor from version 1.8.0 when using version 1.7.2. This might lead to breaking code or invalid results. Use at your own risk. For more info please refer to:
https://scikit-learn.org/stable/model_persistence.html#security-maintainability-limitations
  warnings.warn(
C:\Users\ihsan\AppData\Local\Programs\Python\Python312\Lib\site-packages\sklearn\base.py:442: InconsistentVersionWarning: Trying to unpickle estimator LogisticRegression from version 1.8.0 when using version 1.7.2. This might lead to breaking code or invalid results. Use at your own risk. For more info please refer to:
https://scikit-learn.org/stable/model_persistence.html#security-maintainability-limitations
  warnings.warn(
2025-12-19 20:04:08,497 - INFO - LATEST PREDICTION: {'predicted_close': np.float64(98594.00765093009), 'predicted_direction': 'DOWN'}
2025-12-19 20:05:08,501 - INFO - Found 2 new candles
2025-12-19 20:05:08,502 - INFO - Regenerating features for latest data...
2025-12-19 20:05:09,832 - INFO - Creating features...
2025-12-19 20:05:10,294 - INFO - Features created with 249 missing values (expected due to lag/rolling)
2025-12-19 20:05:20,342 - INFO - Updated features file
C:\Users\ihsan\AppData\Local\Programs\Python\Python312\Lib\site-packages\sklearn\base.py:442: InconsistentVersionWarning: Trying to unpickle estimator DecisionTreeRegressor from version 1.8.0 when using version 1.7.2. This might lead to breaking code or invalid results. Use at your own risk. For more info please refer to:
https://scikit-learn.org/stable/model_persistence.html#security-maintainability-limitations
  warnings.warn(
C:\Users\ihsan\AppData\Local\Programs\Python\Python312\Lib\site-packages\sklearn\base.py:442: InconsistentVersionWarning: Trying to unpickle estimator RandomForestRegressor from version 1.8.0 when using version 1.7.2. This might lead to breaking code or invalid results. Use at your own risk. For more info please refer to:
https://scikit-learn.org/stable/model_persistence.html#security-maintainability-limitations
  warnings.warn(
C:\Users\ihsan\AppData\Local\Programs\Python\Python312\Lib\site-packages\sklearn\base.py:442: InconsistentVersionWarning: Trying to unpickle estimator LogisticRegression from version 1.8.0 when using version 1.7.2. This might lead to breaking code or invalid results. Use at your own risk. For more info please refer to:
https://scikit-learn.org/stable/model_persistence.html#security-maintainability-limitations
  warnings.warn(
2025-12-19 20:05:21,932 - INFO - LATEST PREDICTION: {'predicted_close': np.float64(98591.69532890627), 'predicted_direction': 'DOWN'}
2025-12-19 20:06:21,940 - INFO - Found 1 new candles
2025-12-19 20:06:21,946 - INFO - Regenerating features for latest data...
2025-12-19 20:06:23,087 - INFO - Creating features...
2025-12-19 20:06:23,613 - INFO - Features created with 249 missing values (expected due to lag/rolling)
2025-12-19 20:06:33,914 - INFO - Updated features file
C:\Users\ihsan\AppData\Local\Programs\Python\Python312\Lib\site-packages\sklearn\base.py:442: InconsistentVersionWarning: Trying to unpickle estimator DecisionTreeRegressor from version 1.8.0 when using version 1.7.2. This might lead to breaking code or invalid results. Use at your own risk. For more info please refer to:
https://scikit-learn.org/stable/model_persistence.html#security-maintainability-limitations
  warnings.warn(
C:\Users\ihsan\AppData\Local\Programs\Python\Python312\Lib\site-packages\sklearn\base.py:442: InconsistentVersionWarning: Trying to unpickle estimator RandomForestRegressor from version 1.8.0 when using version 1.7.2. This might lead to breaking code or invalid results. Use at your own risk. For more info please refer to:
https://scikit-learn.org/stable/model_persistence.html#security-maintainability-limitations
  warnings.warn(
C:\Users\ihsan\AppData\Local\Programs\Python\Python312\Lib\site-packages\sklearn\base.py:442: InconsistentVersionWarning: Trying to unpickle estimator LogisticRegression from version 1.8.0 when using version 1.7.2. This might lead to breaking code or invalid results. Use at your own risk. For more info please refer to:
https://scikit-learn.org/stable/model_persistence.html#security-maintainability-limitations
  warnings.warn(
2025-12-19 20:06:35,536 - INFO - LATEST PREDICTION: {'predicted_close': np.float64(98612.71834865733), 'predicted_direction': 'DOWN'}
2025-12-19 20:07:35,549 - INFO - Found 1 new candles
2025-12-19 20:07:35,551 - INFO - Regenerating features for latest data...
2025-12-19 20:07:36,530 - INFO - Creating features...
2025-12-19 20:07:36,828 - INFO - Features created with 249 missing values (expected due to lag/rolling)
2025-12-19 20:07:46,440 - INFO - Updated features file
C:\Users\ihsan\AppData\Local\Programs\Python\Python312\Lib\site-packages\sklearn\base.py:442: InconsistentVersionWarning: Trying to unpickle estimator DecisionTreeRegressor from version 1.8.0 when using version 1.7.2. This might lead to breaking code or invalid results. Use at your own risk. For more info please refer to:
https://scikit-learn.org/stable/model_persistence.html#security-maintainability-limitations
  warnings.warn(
C:\Users\ihsan\AppData\Local\Programs\Python\Python312\Lib\site-packages\sklearn\base.py:442: InconsistentVersionWarning: Trying to unpickle estimator RandomForestRegressor from version 1.8.0 when using version 1.7.2. This might lead to breaking code or invalid results. Use at your own risk. For more info please refer to:
https://scikit-learn.org/stable/model_persistence.html#security-maintainability-limitations
  warnings.warn(
C:\Users\ihsan\AppData\Local\Programs\Python\Python312\Lib\site-packages\sklearn\base.py:442: InconsistentVersionWarning: Trying to unpickle estimator LogisticRegression from version 1.8.0 when using version 1.7.2. This might lead to breaking code or invalid results. Use at your own risk. For more info please refer to:
https://scikit-learn.org/stable/model_persistence.html#security-maintainability-limitations
  warnings.warn(
2025-12-19 20:07:47,761 - INFO - LATEST PREDICTION: {'predicted_close': np.float64(98614.24728389546), 'predicted_direction': 'DOWN'}
2025-12-19 20:08:47,767 - INFO - Found 1 new candles
2025-12-19 20:08:47,767 - INFO - Regenerating features for latest data...
2025-12-19 20:08:48,932 - INFO - Creating features...
2025-12-19 20:08:49,184 - INFO - Features created with 249 missing values (expected due to lag/rolling)
2025-12-19 20:08:58,461 - INFO - Updated features file
C:\Users\ihsan\AppData\Local\Programs\Python\Python312\Lib\site-packages\sklearn\base.py:442: InconsistentVersionWarning: Trying to unpickle estimator DecisionTreeRegressor from version 1.8.0 when using version 1.7.2. This might lead to breaking code or invalid results. Use at your own risk. For more info please refer to:
https://scikit-learn.org/stable/model_persistence.html#security-maintainability-limitations
  warnings.warn(
C:\Users\ihsan\AppData\Local\Programs\Python\Python312\Lib\site-packages\sklearn\base.py:442: InconsistentVersionWarning: Trying to unpickle estimator RandomForestRegressor from version 1.8.0 when using version 1.7.2. This might lead to breaking code or invalid results. Use at your own risk. For more info please refer to:
https://scikit-learn.org/stable/model_persistence.html#security-maintainability-limitations
  warnings.warn(
C:\Users\ihsan\AppData\Local\Programs\Python\Python312\Lib\site-packages\sklearn\base.py:442: InconsistentVersionWarning: Trying to unpickle estimator LogisticRegression from version 1.8.0 when using version 1.7.2. This might lead to breaking code or invalid results. Use at your own risk. For more info please refer to:
https://scikit-learn.org/stable/model_persistence.html#security-maintainability-limitations
  warnings.warn(
2025-12-19 20:08:59,850 - INFO - LATEST PREDICTION: {'predicted_close': np.float64(98626.71308055142), 'predicted_direction': 'DOWN'}
2025-12-19 20:10:59,869 - INFO - Found 1 new candles
2025-12-19 20:10:59,870 - INFO - Regenerating features for latest data...
2025-12-19 20:11:00,822 - INFO - Creating features...
2025-12-19 20:11:01,034 - INFO - Features created with 249 missing values (expected due to lag/rolling)
2025-12-19 20:11:10,127 - INFO - Updated features file
C:\Users\ihsan\AppData\Local\Programs\Python\Python312\Lib\site-packages\sklearn\base.py:442: InconsistentVersionWarning: Trying to unpickle estimator DecisionTreeRegressor from version 1.8.0 when using version 1.7.2. This might lead to breaking code or invalid results. Use at your own risk. For more info please refer to:
https://scikit-learn.org/stable/model_persistence.html#security-maintainability-limitations
  warnings.warn(
C:\Users\ihsan\AppData\Local\Programs\Python\Python312\Lib\site-packages\sklearn\base.py:442: InconsistentVersionWarning: Trying to unpickle estimator RandomForestRegressor from version 1.8.0 when using version 1.7.2. This might lead to breaking code or invalid results. Use at your own risk. For more info please refer to:
https://scikit-learn.org/stable/model_persistence.html#security-maintainability-limitations
  warnings.warn(
C:\Users\ihsan\AppData\Local\Programs\Python\Python312\Lib\site-packages\sklearn\base.py:442: InconsistentVersionWarning: Trying to unpickle estimator LogisticRegression from version 1.8.0 when using version 1.7.2. This might lead to breaking code or invalid results. Use at your own risk. For more info please refer to:
https://scikit-learn.org/stable/model_persistence.html#security-maintainability-limitations
  warnings.warn(
2025-12-19 20:11:11,432 - INFO - LATEST PREDICTION: {'predicted_close': np.float64(98629.68448055143), 'predicted_direction': 'DOWN'}
2025-12-19 20:12:11,438 - INFO - Found 2 new candles
2025-12-19 20:12:11,444 - INFO - Regenerating features for latest data...
2025-12-19 20:12:12,304 - INFO - Creating features...
2025-12-19 20:12:12,527 - INFO - Features created with 249 missing values (expected due to lag/rolling)
2025-12-19 20:12:22,184 - INFO - Updated features file
C:\Users\ihsan\AppData\Local\Programs\Python\Python312\Lib\site-packages\sklearn\base.py:442: InconsistentVersionWarning: Trying to unpickle estimator DecisionTreeRegressor from version 1.8.0 when using version 1.7.2. This might lead to breaking code or invalid results. Use at your own risk. For more info please refer to:
https://scikit-learn.org/stable/model_persistence.html#security-maintainability-limitations
  warnings.warn(
C:\Users\ihsan\AppData\Local\Programs\Python\Python312\Lib\site-packages\sklearn\base.py:442: InconsistentVersionWarning: Trying to unpickle estimator RandomForestRegressor from version 1.8.0 when using version 1.7.2. This might lead to breaking code or invalid results. Use at your own risk. For more info please refer to:
https://scikit-learn.org/stable/model_persistence.html#security-maintainability-limitations
  warnings.warn(
C:\Users\ihsan\AppData\Local\Programs\Python\Python312\Lib\site-packages\sklearn\base.py:442: InconsistentVersionWarning: Trying to unpickle estimator LogisticRegression from version 1.8.0 when using version 1.7.2. This might lead to breaking code or invalid results. Use at your own risk. For more info please refer to:
https://scikit-learn.org/stable/model_persistence.html#security-maintainability-limitations
  warnings.warn(
2025-12-19 20:12:23,459 - INFO - LATEST PREDICTION: {'predicted_close': np.float64(98649.76831501571), 'predicted_direction': 'DOWN'}
2025-12-19 20:13:23,469 - INFO - Found 1 new candles
2025-12-19 20:13:23,470 - INFO - Regenerating features for latest data...
2025-12-19 20:13:24,355 - INFO - Creating features...
2025-12-19 20:13:24,619 - INFO - Features created with 249 missing values (expected due to lag/rolling)
2025-12-19 20:13:33,746 - INFO - Updated features file
C:\Users\ihsan\AppData\Local\Programs\Python\Python312\Lib\site-packages\sklearn\base.py:442: InconsistentVersionWarning: Trying to unpickle estimator DecisionTreeRegressor from version 1.8.0 when using version 1.7.2. This might lead to breaking code or invalid results. Use at your own risk. For more info please refer to:
https://scikit-learn.org/stable/model_persistence.html#security-maintainability-limitations
  warnings.warn(
C:\Users\ihsan\AppData\Local\Programs\Python\Python312\Lib\site-packages\sklearn\base.py:442: InconsistentVersionWarning: Trying to unpickle estimator RandomForestRegressor from version 1.8.0 when using version 1.7.2. This might lead to breaking code or invalid results. Use at your own risk. For more info please refer to:
https://scikit-learn.org/stable/model_persistence.html#security-maintainability-limitations
  warnings.warn(
C:\Users\ihsan\AppData\Local\Programs\Python\Python312\Lib\site-packages\sklearn\base.py:442: InconsistentVersionWarning: Trying to unpickle estimator LogisticRegression from version 1.8.0 when using version 1.7.2. This might lead to breaking code or invalid results. Use at your own risk. For more info please refer to:
https://scikit-learn.org/stable/model_persistence.html#security-maintainability-limitations
  warnings.warn(
2025-12-19 20:13:35,028 - INFO - LATEST PREDICTION: {'predicted_close': np.float64(98648.96789001572), 'predicted_direction': 'UP'}
2025-12-19 20:14:35,033 - INFO - Found 1 new candles
2025-12-19 20:14:35,035 - INFO - Regenerating features for latest data...
2025-12-19 20:14:36,023 - INFO - Creating features...
2025-12-19 20:14:36,261 - INFO - Features created with 249 missing values (expected due to lag/rolling)
2025-12-19 20:14:46,649 - INFO - Updated features file
C:\Users\ihsan\AppData\Local\Programs\Python\Python312\Lib\site-packages\sklearn\base.py:442: InconsistentVersionWarning: Trying to unpickle estimator DecisionTreeRegressor from version 1.8.0 when using version 1.7.2. This might lead to breaking code or invalid results. Use at your own risk. For more info please refer to:
https://scikit-learn.org/stable/model_persistence.html#security-maintainability-limitations
  warnings.warn(
C:\Users\ihsan\AppData\Local\Programs\Python\Python312\Lib\site-packages\sklearn\base.py:442: InconsistentVersionWarning: Trying to unpickle estimator RandomForestRegressor from version 1.8.0 when using version 1.7.2. This might lead to breaking code or invalid results. Use at your own risk. For more info please refer to:
https://scikit-learn.org/stable/model_persistence.html#security-maintainability-limitations
  warnings.warn(
C:\Users\ihsan\AppData\Local\Programs\Python\Python312\Lib\site-packages\sklearn\base.py:442: InconsistentVersionWarning: Trying to unpickle estimator LogisticRegression from version 1.8.0 when using version 1.7.2. This might lead to breaking code or invalid results. Use at your own risk. For more info please refer to:
https://scikit-learn.org/stable/model_persistence.html#security-maintainability-limitations
  warnings.warn(
2025-12-19 20:14:48,175 - INFO - LATEST PREDICTION: {'predicted_close': np.float64(98652.3201520157), 'predicted_direction': 'UP'}
2025-12-19 20:15:48,178 - INFO - Found 1 new candles
2025-12-19 20:15:48,182 - INFO - Regenerating features for latest data...
2025-12-19 20:15:50,146 - INFO - Creating features...
2025-12-19 20:15:50,432 - INFO - Features created with 249 missing values (expected due to lag/rolling)
2025-12-19 20:16:03,588 - INFO - Updated features file
C:\Users\ihsan\AppData\Local\Programs\Python\Python312\Lib\site-packages\sklearn\base.py:442: InconsistentVersionWarning: Trying to unpickle estimator DecisionTreeRegressor from version 1.8.0 when using version 1.7.2. This might lead to breaking code or invalid results. Use at your own risk. For more info please refer to:
https://scikit-learn.org/stable/model_persistence.html#security-maintainability-limitations
  warnings.warn(
C:\Users\ihsan\AppData\Local\Programs\Python\Python312\Lib\site-packages\sklearn\base.py:442: InconsistentVersionWarning: Trying to unpickle estimator RandomForestRegressor from version 1.8.0 when using version 1.7.2. This might lead to breaking code or invalid results. Use at your own risk. For more info please refer to:
https://scikit-learn.org/stable/model_persistence.html#security-maintainability-limitations
  warnings.warn(
C:\Users\ihsan\AppData\Local\Programs\Python\Python312\Lib\site-packages\sklearn\base.py:442: InconsistentVersionWarning: Trying to unpickle estimator LogisticRegression from version 1.8.0 when using version 1.7.2. This might lead to breaking code or invalid results. Use at your own risk. For more info please refer to:
https://scikit-learn.org/stable/model_persistence.html#security-maintainability-limitations
  warnings.warn(
2025-12-19 20:16:05,019 - INFO - LATEST PREDICTION: {'predicted_close': np.float64(98651.06845201571), 'predicted_direction': 'UP'}
2025-12-19 20:17:05,027 - INFO - Found 2 new candles
2025-12-19 20:17:05,034 - INFO - Regenerating features for latest data...
2025-12-19 20:17:06,164 - INFO - Creating features...
2025-12-19 20:17:07,199 - INFO - Features created with 249 missing values (expected due to lag/rolling)
2025-12-19 20:17:19,562 - INFO - Updated features file
C:\Users\ihsan\AppData\Local\Programs\Python\Python312\Lib\site-packages\sklearn\base.py:442: InconsistentVersionWarning: Trying to unpickle estimator DecisionTreeRegressor from version 1.8.0 when using version 1.7.2. This might lead to breaking code or invalid results. Use at your own risk. For more info please refer to:
https://scikit-learn.org/stable/model_persistence.html#security-maintainability-limitations
  warnings.warn(
C:\Users\ihsan\AppData\Local\Programs\Python\Python312\Lib\site-packages\sklearn\base.py:442: InconsistentVersionWarning: Trying to unpickle estimator RandomForestRegressor from version 1.8.0 when using version 1.7.2. This might lead to breaking code or invalid results. Use at your own risk. For more info please refer to:
https://scikit-learn.org/stable/model_persistence.html#security-maintainability-limitations
  warnings.warn(
C:\Users\ihsan\AppData\Local\Programs\Python\Python312\Lib\site-packages\sklearn\base.py:442: InconsistentVersionWarning: Trying to unpickle estimator LogisticRegression from version 1.8.0 when using version 1.7.2. This might lead to breaking code or invalid results. Use at your own risk. For more info please refer to:
https://scikit-learn.org/stable/model_persistence.html#security-maintainability-limitations
  warnings.warn(
2025-12-19 20:17:21,769 - INFO - LATEST PREDICTION: {'predicted_close': np.float64(98648.91925201571), 'predicted_direction': 'UP'}
2025-12-19 20:18:21,775 - INFO - Found 1 new candles
2025-12-19 20:18:21,777 - INFO - Regenerating features for latest data...
2025-12-19 20:18:22,772 - INFO - Creating features...
2025-12-19 20:18:23,019 - INFO - Features created with 249 missing values (expected due to lag/rolling)
2025-12-19 20:18:33,384 - INFO - Updated features file
C:\Users\ihsan\AppData\Local\Programs\Python\Python312\Lib\site-packages\sklearn\base.py:442: InconsistentVersionWarning: Trying to unpickle estimator DecisionTreeRegressor from version 1.8.0 when using version 1.7.2. This might lead to breaking code or invalid results. Use at your own risk. For more info please refer to:
https://scikit-learn.org/stable/model_persistence.html#security-maintainability-limitations
  warnings.warn(
C:\Users\ihsan\AppData\Local\Programs\Python\Python312\Lib\site-packages\sklearn\base.py:442: InconsistentVersionWarning: Trying to unpickle estimator RandomForestRegressor from version 1.8.0 when using version 1.7.2. This might lead to breaking code or invalid results. Use at your own risk. For more info please refer to:
https://scikit-learn.org/stable/model_persistence.html#security-maintainability-limitations
  warnings.warn(
C:\Users\ihsan\AppData\Local\Programs\Python\Python312\Lib\site-packages\sklearn\base.py:442: InconsistentVersionWarning: Trying to unpickle estimator LogisticRegression from version 1.8.0 when using version 1.7.2. This might lead to breaking code or invalid results. Use at your own risk. For more info please refer to:
https://scikit-learn.org/stable/model_persistence.html#security-maintainability-limitations
  warnings.warn(
2025-12-19 20:18:34,586 - INFO - LATEST PREDICTION: {'predicted_close': np.float64(98655.08273885977), 'predicted_direction': 'UP'}
2025-12-19 21:23:26.968132: I tensorflow/core/util/port.cc:153] oneDNN custom operations are on. You may see slightly different numerical results due to floating-point round-off errors from different computation orders. To turn them off, set the environment variable `TF_ENABLE_ONEDNN_OPTS=0`.
2025-12-19 21:23:30.757109: I tensorflow/core/util/port.cc:153] oneDNN custom operations are on. You may see slightly different numerical results due to floating-point round-off errors from different computation orders. To turn them off, set the environment variable `TF_ENABLE_ONEDNN_OPTS=0`.
C:\Users\ihsan\AppData\Local\Programs\Python\Python312\Lib\site-packages\keras\src\export\tf2onnx_lib.py:8: FutureWarning: In the future `np.object` will be defined as the corresponding NumPy scalar.
  if not hasattr(np, "object"):
2025-12-19 21:23:31,682 - INFO - No GPU detected. Using CPU for training.
2025-12-19 21:23:31,684 - INFO - Starting Continuous Learning Service...
2025-12-19 21:36:21.499508: I tensorflow/core/util/port.cc:153] oneDNN custom operations are on. You may see slightly different numerical results due to floating-point round-off errors from different computation orders. To turn them off, set the environment variable `TF_ENABLE_ONEDNN_OPTS=0`.
2025-12-19 21:36:25.315408: I tensorflow/core/util/port.cc:153] oneDNN custom operations are on. You may see slightly different numerical results due to floating-point round-off errors from different computation orders. To turn them off, set the environment variable `TF_ENABLE_ONEDNN_OPTS=0`.
C:\Users\ihsan\AppData\Local\Programs\Python\Python312\Lib\site-packages\keras\src\export\tf2onnx_lib.py:8: FutureWarning: In the future `np.object` will be defined as the corresponding NumPy scalar.
  if not hasattr(np, "object"):
2025-12-19 21:36:26,135 - INFO - No GPU detected. Using CPU for training.
[NOTE] TensorFlow > 2.10 on native Windows is CPU-only by design. To enable GPU, use WSL2 or downgrade to TF 2.10 (only checks if you have a compatible NVIDIA GPU).
2025-12-19 21:36:26,135 - INFO - Starting Continuous Learning Service...
2025-12-19 21:37:27,700 - INFO - Found 1 new candles
2025-12-19 21:37:27,705 - INFO - Regenerating features for latest data...
2025-12-19 21:37:28,646 - INFO - Creating features...
2025-12-19 21:37:28,978 - INFO - Features created with 249 missing values (expected due to lag/rolling)
2025-12-19 21:37:39,351 - INFO - Updated features file
2025-12-19 21:37:40,384 - INFO - LATEST PREDICTION: {'predicted_direction': 'UP'}
2025-12-19 21:38:19.282871: I tensorflow/core/util/port.cc:153] oneDNN custom operations are on. You may see slightly different numerical results due to floating-point round-off errors from different computation orders. To turn them off, set the environment variable `TF_ENABLE_ONEDNN_OPTS=0`.
2025-12-19 21:38:23.531440: I tensorflow/core/util/port.cc:153] oneDNN custom operations are on. You may see slightly different numerical results due to floating-point round-off errors from different computation orders. To turn them off, set the environment variable `TF_ENABLE_ONEDNN_OPTS=0`.
C:\Users\ihsan\AppData\Local\Programs\Python\Python312\Lib\site-packages\keras\src\export\tf2onnx_lib.py:8: FutureWarning: In the future `np.object` will be defined as the corresponding NumPy scalar.
  if not hasattr(np, "object"):
2025-12-19 21:38:24,346 - INFO - No GPU detected. Using CPU for training.
[NOTE] TensorFlow > 2.10 on native Windows is CPU-only by design. To enable GPU, use WSL2 or downgrade to TF 2.10 (only checks if you have a compatible NVIDIA GPU).
2025-12-19 21:38:24,352 - INFO - Starting Continuous Learning Service...
2025-12-19 21:38:25,839 - INFO - Found 1 new candles
2025-12-19 21:38:25,861 - INFO - Regenerating features for latest data...
2025-12-19 21:38:27,268 - INFO - Creating features...
2025-12-19 21:38:27,535 - INFO - Features created with 249 missing values (expected due to lag/rolling)
2025-12-19 21:38:39,642 - INFO - Updated features file
2025-12-19 21:38:42,969 - INFO - LATEST PREDICTION: {'predicted_direction': 'UP'}
2025-12-19 21:39:42,973 - INFO - Found 1 new candles
2025-12-19 21:39:42,975 - INFO - Regenerating features for latest data...
2025-12-19 21:39:44,239 - INFO - Creating features...
2025-12-19 21:39:44,548 - INFO - Features created with 249 missing values (expected due to lag/rolling)
2025-12-19 21:39:55,294 - INFO - Updated features file
2025-12-19 21:39:56,834 - INFO - LATEST PREDICTION: {'predicted_direction': 'DOWN'}
2025-12-19 21:41:00.274173: I tensorflow/core/util/port.cc:153] oneDNN custom operations are on. You may see slightly different numerical results due to floating-point round-off errors from different computation orders. To turn them off, set the environment variable `TF_ENABLE_ONEDNN_OPTS=0`.
2025-12-19 21:41:03.928197: I tensorflow/core/util/port.cc:153] oneDNN custom operations are on. You may see slightly different numerical results due to floating-point round-off errors from different computation orders. To turn them off, set the environment variable `TF_ENABLE_ONEDNN_OPTS=0`.
C:\Users\ihsan\AppData\Local\Programs\Python\Python312\Lib\site-packages\keras\src\export\tf2onnx_lib.py:8: FutureWarning: In the future `np.object` will be defined as the corresponding NumPy scalar.
  if not hasattr(np, "object"):
2025-12-19 21:41:04,734 - INFO - No GPU detected. Using CPU for training.
[NOTE] TensorFlow > 2.10 on native Windows is CPU-only by design. To enable GPU, use WSL2 or downgrade to TF 2.10 (only checks if you have a compatible NVIDIA GPU).
2025-12-19 21:41:04,744 - INFO - Starting Continuous Learning Service...
2025-12-19 22:33:37.992548: I tensorflow/core/util/port.cc:153] oneDNN custom operations are on. You may see slightly different numerical results due to floating-point round-off errors from different computation orders. To turn them off, set the environment variable `TF_ENABLE_ONEDNN_OPTS=0`.
2025-12-19 22:33:41.502379: I tensorflow/core/util/port.cc:153] oneDNN custom operations are on. You may see slightly different numerical results due to floating-point round-off errors from different computation orders. To turn them off, set the environment variable `TF_ENABLE_ONEDNN_OPTS=0`.
C:\Users\ihsan\AppData\Local\Programs\Python\Python312\Lib\site-packages\keras\src\export\tf2onnx_lib.py:8: FutureWarning: In the future `np.object` will be defined as the corresponding NumPy scalar.
  if not hasattr(np, "object"):
2025-12-19 22:33:42,382 - INFO - No GPU detected. Using CPU for training.
[NOTE] TensorFlow > 2.10 on native Windows is CPU-only by design. To enable GPU, use WSL2 or downgrade to TF 2.10 (only checks if you have a compatible NVIDIA GPU).
2025-12-19 22:33:42,385 - INFO - Starting Continuous Learning Service...
2025-12-19 22:34:43,531 - INFO - Found 1 new candles
2025-12-19 22:34:43,551 - INFO - Regenerating features for latest data...
2025-12-19 22:34:44,651 - INFO - Creating features...
2025-12-19 22:34:44,962 - INFO - Features created with 249 missing values (expected due to lag/rolling)
2025-12-19 22:34:55,509 - INFO - Updated features file
2025-12-19 22:35:57,276 - INFO - Found 1 new candles
2025-12-19 22:35:57,277 - INFO - Regenerating features for latest data...
2025-12-19 22:35:59,057 - INFO - Creating features...
2025-12-19 22:35:59,450 - INFO - Features created with 249 missing values (expected due to lag/rolling)
2025-12-19 22:36:20,410 - INFO - Updated features file
2025-12-19 22:37:26,444 - INFO - Found 2 new candles
2025-12-19 22:37:26,446 - INFO - Regenerating features for latest data...
2025-12-19 22:37:30,117 - INFO - Creating features...
2025-12-19 22:37:32,082 - INFO - Features created with 249 missing values (expected due to lag/rolling)
2025-12-19 22:37:55,415 - INFO - Updated features file
2025-12-19 22:38:56,713 - INFO - Found 1 new candles
2025-12-19 22:38:56,716 - INFO - Regenerating features for latest data...
2025-12-19 22:38:57,612 - INFO - Creating features...
2025-12-19 22:38:57,860 - INFO - Features created with 249 missing values (expected due to lag/rolling)
2025-12-19 22:39:06,757 - INFO - Updated features file
2025-12-19 22:40:08,169 - INFO - Found 2 new candles
2025-12-19 22:40:08,170 - INFO - Regenerating features for latest data...
2025-12-19 22:40:09,351 - INFO - Creating features...
2025-12-19 22:40:09,646 - INFO - Features created with 249 missing values (expected due to lag/rolling)
2025-12-19 22:40:18,414 - INFO - Updated features file
2025-12-19 22:41:19,694 - INFO - Found 1 new candles
2025-12-19 22:41:19,696 - INFO - Regenerating features for latest data...
2025-12-19 22:41:20,580 - INFO - Creating features...
2025-12-19 22:41:20,852 - INFO - Features created with 249 missing values (expected due to lag/rolling)
2025-12-19 22:41:30,250 - INFO - Updated features file
2025-12-19 22:42:31,486 - INFO - Found 1 new candles
2025-12-19 22:42:31,487 - INFO - Regenerating features for latest data...
2025-12-19 22:42:32,676 - INFO - Creating features...
2025-12-19 22:42:32,995 - INFO - Features created with 249 missing values (expected due to lag/rolling)
2025-12-19 22:42:44,001 - INFO - Updated features file
2025-12-19 22:44:45,665 - INFO - Found 1 new candles
2025-12-19 22:44:45,665 - INFO - Regenerating features for latest data...
2025-12-19 22:44:46,781 - INFO - Creating features...
2025-12-19 22:44:47,079 - INFO - Features created with 249 missing values (expected due to lag/rolling)
2025-12-19 22:44:56,696 - INFO - Updated features file
2025-12-19 22:45:58,092 - INFO - Found 1 new candles
2025-12-19 22:45:58,096 - INFO - Regenerating features for latest data...
2025-12-19 22:45:59,164 - INFO - Creating features...
2025-12-19 22:45:59,415 - INFO - Features created with 249 missing values (expected due to lag/rolling)
2025-12-19 22:46:08,946 - INFO - Updated features file
2025-12-19 22:47:10,099 - INFO - Found 2 new candles
2025-12-19 22:47:10,099 - INFO - Regenerating features for latest data...
2025-12-19 22:47:11,234 - INFO - Creating features...
2025-12-19 22:47:11,474 - INFO - Features created with 249 missing values (expected due to lag/rolling)
2025-12-19 22:47:20,471 - INFO - Updated features file
2025-12-19 22:48:21,816 - INFO - Found 1 new candles
2025-12-19 22:48:21,816 - INFO - Regenerating features for latest data...
2025-12-19 22:48:22,880 - INFO - Creating features...
2025-12-19 22:48:23,095 - INFO - Features created with 249 missing values (expected due to lag/rolling)
2025-12-19 22:48:32,346 - INFO - Updated features file
2025-12-19 22:49:33,781 - INFO - Found 1 new candles
2025-12-19 22:49:33,783 - INFO - Regenerating features for latest data...
2025-12-19 22:49:34,877 - INFO - Creating features...
2025-12-19 22:49:35,178 - INFO - Features created with 249 missing values (expected due to lag/rolling)
2025-12-19 22:49:45,268 - INFO - Updated features file
2025-12-19 22:50:11,845 - INFO - Stopping service...
2025-12-19 22:51:13.843492: I tensorflow/core/util/port.cc:153] oneDNN custom operations are on. You may see slightly different numerical results due to floating-point round-off errors from different computation orders. To turn them off, set the environment variable `TF_ENABLE_ONEDNN_OPTS=0`.
2025-12-19 22:51:17.777221: I tensorflow/core/util/port.cc:153] oneDNN custom operations are on. You may see slightly different numerical results due to floating-point round-off errors from different computation orders. To turn them off, set the environment variable `TF_ENABLE_ONEDNN_OPTS=0`.
C:\Users\ihsan\AppData\Local\Programs\Python\Python312\Lib\site-packages\keras\src\export\tf2onnx_lib.py:8: FutureWarning: In the future `np.object` will be defined as the corresponding NumPy scalar.
  if not hasattr(np, "object"):
2025-12-19 22:51:18,707 - INFO - No GPU detected. Using CPU for training.
[NOTE] TensorFlow > 2.10 on native Windows is CPU-only by design. To enable GPU, use WSL2 or downgrade to TF 2.10 (only checks if you have a compatible NVIDIA GPU).
2025-12-19 22:51:18,712 - INFO - Starting Continuous Learning Service...
2025-12-19 22:51:20,069 - INFO - Found 2 new candles
2025-12-19 22:51:20,090 - INFO - Regenerating features for latest data...
2025-12-19 22:51:21,346 - INFO - Creating features...
2025-12-19 22:51:21,755 - INFO - Features created with 249 missing values (expected due to lag/rolling)
2025-12-19 22:51:33,346 - INFO - Updated features file
2025-12-19 22:52:34,864 - INFO - Found 1 new candles
2025-12-19 22:52:34,869 - INFO - Regenerating features for latest data...
2025-12-19 22:52:35,740 - INFO - Creating features...
2025-12-19 22:52:36,050 - INFO - Features created with 249 missing values (expected due to lag/rolling)
2025-12-19 22:52:49,186 - INFO - Updated features file
