2025-12-19 20:01:33,177 - INFO - Starting Bitcoin live trade streaming...
2025-12-19 20:01:33,177 - INFO - Output file: btc_trades_live.csv
2025-12-19 20:01:33,177 - INFO - Batch interval: 0.5s
2025-12-19 20:01:33,177 - INFO - Press Ctrl+C to stop
2025-12-19 20:01:33,178 - INFO - Batch writer thread started
2025-12-19 20:01:33,178 - INFO - Connecting to wss://stream.binance.com:9443/ws/btcusdt@trade...
2025-12-19 20:01:34,328 - INFO - Websocket connected
2025-12-19 20:01:34,328 - INFO - WebSocket connection established
2025-12-19 20:02:33,290 - INFO - Trades received in last minute: 9461
2025-12-19 20:03:33,690 - INFO - Trades received in last minute: 7311
2025-12-19 20:04:33,869 - INFO - Trades received in last minute: 7346
2025-12-19 20:05:33,993 - INFO - Trades received in last minute: 8060
2025-12-19 20:06:34,343 - INFO - Trades received in last minute: 7931
2025-12-19 20:07:34,604 - INFO - Trades received in last minute: 11837
2025-12-19 20:07:46,975 - ERROR - WebSocket error: fin=1 opcode=8 data=b'\x03\xf0Pong timeout'
2025-12-19 20:07:46,975 - ERROR - fin=1 opcode=8 data=b'\x03\xf0Pong timeout' - goodbye
2025-12-19 20:07:46,975 - WARNING - WebSocket closed: None - None
2025-12-19 20:07:46,976 - WARNING - Connection lost. Reconnecting in 1s (attempt 1)...
2025-12-19 20:07:47,976 - INFO - Connecting to wss://stream.binance.com:9443/ws/btcusdt@trade...
2025-12-19 20:07:49,348 - INFO - Websocket connected
2025-12-19 20:07:49,348 - INFO - WebSocket connection established
2025-12-19 20:08:35,619 - INFO - Trades received in last minute: 8596
2025-12-19 20:09:35,841 - INFO - Trades received in last minute: 7020
2025-12-19 20:10:35,882 - INFO - Trades received in last minute: 7782
2025-12-19 20:11:36,237 - INFO - Trades received in last minute: 7023
2025-12-19 20:12:36,824 - INFO - Trades received in last minute: 9935
2025-12-19 20:13:37,796 - INFO - Trades received in last minute: 7438
2025-12-19 20:14:38,169 - INFO - Trades received in last minute: 10530
2025-12-19 20:14:44,219 - ERROR - WebSocket error: Connection to remote host was lost.
2025-12-19 20:14:44,219 - ERROR - Connection to remote host was lost. - goodbye
2025-12-19 20:14:44,219 - WARNING - WebSocket closed: None - None
2025-12-19 20:14:44,220 - WARNING - Connection lost. Reconnecting in 2s (attempt 2)...
2025-12-19 20:14:46,221 - INFO - Connecting to wss://stream.binance.com:9443/ws/btcusdt@trade...
2025-12-19 20:14:47,006 - INFO - Websocket connected
2025-12-19 20:14:47,006 - INFO - WebSocket connection established
2025-12-19 20:15:38,428 - INFO - Trades received in last minute: 6824
2025-12-19 20:16:38,909 - INFO - Trades received in last minute: 7683
2025-12-19 20:17:27,934 - ERROR - WebSocket error: Connection to remote host was lost.
2025-12-19 20:17:27,934 - ERROR - Connection to remote host was lost. - goodbye
2025-12-19 20:17:27,934 - WARNING - WebSocket closed: None - None
2025-12-19 20:17:27,934 - WARNING - Connection lost. Reconnecting in 4s (attempt 3)...
2025-12-19 20:17:31,938 - INFO - Connecting to wss://stream.binance.com:9443/ws/btcusdt@trade...
2025-12-19 20:17:32,945 - INFO - Websocket connected
2025-12-19 20:17:32,945 - INFO - WebSocket connection established
2025-12-19 20:17:39,478 - INFO - Trades received in last minute: 9298
2025-12-19 20:18:39,680 - INFO - Trades received in last minute: 8877
2025-12-19 21:23:20,163 - INFO - Starting Bitcoin live trade streaming...
2025-12-19 21:23:20,163 - INFO - Output file: btc_trades_live.csv
2025-12-19 21:23:20,163 - INFO - Batch interval: 0.5s
2025-12-19 21:23:20,163 - INFO - Press Ctrl+C to stop
2025-12-19 21:23:20,163 - INFO - Initialized btc_trades_live.csv
2025-12-19 21:23:20,167 - INFO - Batch writer thread started
2025-12-19 21:23:20,167 - INFO - Connecting to wss://stream.binance.com:9443/ws/btcusdt@trade...
2025-12-19 21:23:21,241 - INFO - Websocket connected
2025-12-19 21:23:21,241 - INFO - WebSocket connection established
2025-12-19 21:24:20,323 - INFO - Trades received in last minute: 3837
2025-12-19 21:25:21,374 - INFO - Trades received in last minute: 5295
2025-12-19 21:26:21,534 - INFO - Trades received in last minute: 1201
2025-12-19 21:27:21,537 - INFO - Trades received in last minute: 3691
2025-12-19 21:28:21,774 - INFO - Trades received in last minute: 4990
2025-12-19 21:29:21,946 - INFO - Trades received in last minute: 2456
2025-12-19 21:36:14,454 - INFO - Starting Bitcoin live trade streaming...
2025-12-19 21:36:14,454 - INFO - Output file: btc_trades_live.csv
2025-12-19 21:36:14,454 - INFO - Batch interval: 0.5s
2025-12-19 21:36:14,454 - INFO - Press Ctrl+C to stop
2025-12-19 21:36:14,454 - INFO - Batch writer thread started
2025-12-19 21:36:14,454 - INFO - Connecting to wss://stream.binance.com:9443/ws/btcusdt@trade...
2025-12-19 21:36:16,630 - INFO - Websocket connected
2025-12-19 21:36:16,630 - INFO - WebSocket connection established
2025-12-19 21:37:14,896 - INFO - Trades received in last minute: 5542
2025-12-19 21:38:13,346 - INFO - Starting Bitcoin live trade streaming...
2025-12-19 21:38:13,346 - INFO - Output file: btc_trades_live.csv
2025-12-19 21:38:13,346 - INFO - Batch interval: 0.5s
2025-12-19 21:38:13,346 - INFO - Press Ctrl+C to stop
2025-12-19 21:38:13,346 - INFO - Batch writer thread started
2025-12-19 21:38:13,346 - INFO - Connecting to wss://stream.binance.com:9443/ws/btcusdt@trade...
2025-12-19 21:38:14,923 - INFO - Websocket connected
2025-12-19 21:38:14,923 - INFO - WebSocket connection established
2025-12-19 21:39:13,367 - INFO - Trades received in last minute: 5048
2025-12-19 21:40:13,613 - INFO - Trades received in last minute: 5380
2025-12-19 21:40:53,273 - INFO - Starting Bitcoin live trade streaming...
2025-12-19 21:40:53,274 - INFO - Output file: btc_trades_live.csv
2025-12-19 21:40:53,274 - INFO - Batch interval: 0.5s
2025-12-19 21:40:53,274 - INFO - Press Ctrl+C to stop
2025-12-19 21:40:53,275 - INFO - Batch writer thread started
2025-12-19 21:40:53,275 - INFO - Connecting to wss://stream.binance.com:9443/ws/btcusdt@trade...
2025-12-19 21:41:00,594 - INFO - Websocket connected
2025-12-19 21:41:00,594 - INFO - WebSocket connection established
2025-12-19 21:41:53,904 - INFO - Trades received in last minute: 3594
2025-12-19 22:33:33,104 - INFO - Starting Bitcoin live trade streaming...
2025-12-19 22:33:33,104 - INFO - Output file: btc_trades_live.csv
2025-12-19 22:33:33,104 - INFO - Batch interval: 0.5s
2025-12-19 22:33:33,106 - INFO - Press Ctrl+C to stop
2025-12-19 22:33:33,106 - INFO - Initialized btc_trades_live.csv
2025-12-19 22:33:33,106 - INFO - Batch writer thread started
2025-12-19 22:33:33,108 - INFO - Connecting to wss://stream.binance.com:9443/ws/btcusdt@trade...
2025-12-19 22:33:34,428 - INFO - Websocket connected
2025-12-19 22:33:34,428 - INFO - WebSocket connection established
2025-12-19 22:34:33,548 - INFO - Trades received in last minute: 7779
2025-12-19 22:35:34,548 - INFO - Trades received in last minute: 7805
2025-12-19 22:36:35,226 - INFO - Trades received in last minute: 7323
2025-12-19 22:36:40,454 - ERROR - WebSocket error: Connection to remote host was lost.
2025-12-19 22:36:40,468 - ERROR - Connection to remote host was lost. - goodbye
2025-12-19 22:36:40,468 - WARNING - WebSocket closed: None - None
2025-12-19 22:36:40,470 - WARNING - Connection lost. Reconnecting in 1s (attempt 1)...
2025-12-19 22:36:41,473 - INFO - Connecting to wss://stream.binance.com:9443/ws/btcusdt@trade...
2025-12-19 22:36:43,303 - INFO - Websocket connected
2025-12-19 22:36:43,303 - INFO - WebSocket connection established
2025-12-19 22:37:35,435 - INFO - Trades received in last minute: 5926
2025-12-19 22:38:36,062 - INFO - Trades received in last minute: 6498
2025-12-19 22:39:36,386 - INFO - Trades received in last minute: 6405
2025-12-19 22:40:37,669 - INFO - Trades received in last minute: 6152
2025-12-19 22:41:37,824 - INFO - Trades received in last minute: 7355
2025-12-19 22:42:39,017 - INFO - Trades received in last minute: 7587
2025-12-19 22:43:17,779 - ERROR - WebSocket error: Connection to remote host was lost.
2025-12-19 22:43:17,779 - ERROR - Connection to remote host was lost. - goodbye
2025-12-19 22:43:17,779 - WARNING - WebSocket closed: None - None
2025-12-19 22:43:17,781 - WARNING - Connection lost. Reconnecting in 2s (attempt 2)...
2025-12-19 22:43:19,782 - INFO - Connecting to wss://stream.binance.com:9443/ws/btcusdt@trade...
2025-12-19 22:43:21,030 - INFO - Websocket connected
2025-12-19 22:43:21,030 - INFO - WebSocket connection established
2025-12-19 22:43:39,037 - INFO - Trades received in last minute: 6099
2025-12-19 22:44:39,257 - INFO - Trades received in last minute: 5828
2025-12-19 22:45:39,262 - INFO - Trades received in last minute: 9705
2025-12-19 22:46:39,659 - INFO - Trades received in last minute: 9608
2025-12-19 22:47:40,397 - INFO - Trades received in last minute: 8289
2025-12-19 22:48:40,593 - INFO - Trades received in last minute: 10213
2025-12-19 22:49:41,189 - INFO - Trades received in last minute: 8729
2025-12-19 22:51:07,049 - INFO - Starting Bitcoin live trade streaming...
2025-12-19 22:51:07,049 - INFO - Output file: btc_trades_live.csv
2025-12-19 22:51:07,049 - INFO - Batch interval: 0.5s
2025-12-19 22:51:07,049 - INFO - Press Ctrl+C to stop
2025-12-19 22:51:07,049 - INFO - Batch writer thread started
2025-12-19 22:51:07,049 - INFO - Connecting to wss://stream.binance.com:9443/ws/btcusdt@trade...
2025-12-19 22:51:08,110 - INFO - Websocket connected
2025-12-19 22:51:08,111 - INFO - WebSocket connection established
2025-12-19 22:52:07,724 - INFO - Trades received in last minute: 6847
2025-12-19 22:53:07,957 - INFO - Trades received in last minute: 6423
2025-12-19 22:54:08,070 - INFO - Trades received in last minute: 6228
2025-12-19 22:55:08,221 - INFO - Trades received in last minute: 6356
2025-12-19 22:56:08,265 - INFO - Trades received in last minute: 7630
2025-12-19 22:57:09,218 - INFO - Trades received in last minute: 7505
2025-12-19 22:58:09,251 - INFO - Trades received in last minute: 5102
2025-12-19 22:59:09,254 - INFO - Trades received in last minute: 7011
2025-12-19 23:00:09,432 - INFO - Trades received in last minute: 8273
2025-12-19 23:01:09,686 - INFO - Trades received in last minute: 8164
2025-12-19 23:02:10,090 - INFO - Trades received in last minute: 9126
2025-12-19 23:02:55,037 - ERROR - WebSocket error: Connection to remote host was lost.
2025-12-19 23:02:55,037 - ERROR - Connection to remote host was lost. - goodbye
2025-12-19 23:02:55,039 - WARNING - WebSocket closed: None - None
2025-12-19 23:02:55,046 - WARNING - Connection lost. Reconnecting in 1s (attempt 1)...
2025-12-19 23:02:56,054 - INFO - Connecting to wss://stream.binance.com:9443/ws/btcusdt@trade...
2025-12-19 23:02:57,365 - INFO - Websocket connected
2025-12-19 23:02:57,365 - INFO - WebSocket connection established
2025-12-19 23:03:10,680 - INFO - Trades received in last minute: 13210
2025-12-19 23:04:11,096 - INFO - Trades received in last minute: 5503
2025-12-19 23:05:11,335 - INFO - Trades received in last minute: 6779
2025-12-19 23:07:01,042 - INFO - Starting Bitcoin live trade streaming...
2025-12-19 23:07:01,042 - INFO - Output file: btc_trades_live.csv
2025-12-19 23:07:01,042 - INFO - Batch interval: 0.5s
2025-12-19 23:07:01,042 - INFO - Press Ctrl+C to stop
2025-12-19 23:07:01,052 - INFO - Batch writer thread started
2025-12-19 23:07:01,052 - INFO - Connecting to wss://stream.binance.com:9443/ws/btcusdt@trade...
2025-12-19 23:07:03,054 - INFO - Websocket connected
2025-12-19 23:07:03,054 - INFO - WebSocket connection established
